Build started 09/01/2015 12:37:25.
     1>Project "\\bournemouth.ac.uk\data\Student\Home\DEC\i7671967\Visual Studio 2010\Projects\ASSIGNMENTS\HangManGame\HangManGame\HangManGame.vcxproj" on node 2 (build target(s)).
     1>InitializeBuildStatus:
         Creating "Debug\HangManGame.unsuccessfulbuild" because "AlwaysCreate" was specified.
       ClCompile:
         C:\Program Files (x86)\Microsoft Visual Studio 10.0\VC\bin\CL.exe /c /ZI /nologo /W3 /WX- /Od /Oy- /D WIN32 /D _DEBUG /D _CONSOLE /D _UNICODE /D UNICODE /Gm /EHsc /RTC1 /MDd /GS /fp:precise /Zc:wchar_t /Zc:forScope /Fo"Debug\\" /Fd"Debug\vc100.pdb" /Gd /TP /analyze- /errorReport:prompt game.cpp
         game.cpp
     1>\\bournemouth.ac.uk\data\student\home\dec\i7671967\visual studio 2010\projects\assignments\hangmangame\hangmangame\game.cpp(12): warning C4996: 'strcpy': This function or variable may be unsafe. Consider using strcpy_s instead. To disable deprecation, use _CRT_SECURE_NO_WARNINGS. See online help for details.
                 c:\program files (x86)\microsoft visual studio 10.0\vc\include\string.h(105) : see declaration of 'strcpy'
     1>\\bournemouth.ac.uk\data\student\home\dec\i7671967\visual studio 2010\projects\assignments\hangmangame\hangmangame\game.cpp(84): warning C4996: 'strcpy': This function or variable may be unsafe. Consider using strcpy_s instead. To disable deprecation, use _CRT_SECURE_NO_WARNINGS. See online help for details.
                 c:\program files (x86)\microsoft visual studio 10.0\vc\include\string.h(105) : see declaration of 'strcpy'
     1>\\bournemouth.ac.uk\data\student\home\dec\i7671967\visual studio 2010\projects\assignments\hangmangame\hangmangame\game.cpp(87): warning C4996: 'strcpy': This function or variable may be unsafe. Consider using strcpy_s instead. To disable deprecation, use _CRT_SECURE_NO_WARNINGS. See online help for details.
                 c:\program files (x86)\microsoft visual studio 10.0\vc\include\string.h(105) : see declaration of 'strcpy'
     1>\\bournemouth.ac.uk\data\student\home\dec\i7671967\visual studio 2010\projects\assignments\hangmangame\hangmangame\game.cpp(90): warning C4996: 'strcpy': This function or variable may be unsafe. Consider using strcpy_s instead. To disable deprecation, use _CRT_SECURE_NO_WARNINGS. See online help for details.
                 c:\program files (x86)\microsoft visual studio 10.0\vc\include\string.h(105) : see declaration of 'strcpy'
     1>\\bournemouth.ac.uk\data\student\home\dec\i7671967\visual studio 2010\projects\assignments\hangmangame\hangmangame\game.cpp(93): warning C4996: 'strcpy': This function or variable may be unsafe. Consider using strcpy_s instead. To disable deprecation, use _CRT_SECURE_NO_WARNINGS. See online help for details.
                 c:\program files (x86)\microsoft visual studio 10.0\vc\include\string.h(105) : see declaration of 'strcpy'
     1>\\bournemouth.ac.uk\data\student\home\dec\i7671967\visual studio 2010\projects\assignments\hangmangame\hangmangame\game.cpp(96): warning C4996: 'strcpy': This function or variable may be unsafe. Consider using strcpy_s instead. To disable deprecation, use _CRT_SECURE_NO_WARNINGS. See online help for details.
                 c:\program files (x86)\microsoft visual studio 10.0\vc\include\string.h(105) : see declaration of 'strcpy'
     1>\\bournemouth.ac.uk\data\student\home\dec\i7671967\visual studio 2010\projects\assignments\hangmangame\hangmangame\game.cpp(101): warning C4996: 'strcpy': This function or variable may be unsafe. Consider using strcpy_s instead. To disable deprecation, use _CRT_SECURE_NO_WARNINGS. See online help for details.
                 c:\program files (x86)\microsoft visual studio 10.0\vc\include\string.h(105) : see declaration of 'strcpy'
     1>\\bournemouth.ac.uk\data\student\home\dec\i7671967\visual studio 2010\projects\assignments\hangmangame\hangmangame\game.cpp(102): warning C4018: '<' : signed/unsigned mismatch
     1>\\bournemouth.ac.uk\data\student\home\dec\i7671967\visual studio 2010\projects\assignments\hangmangame\hangmangame\game.cpp(160): warning C4018: '<' : signed/unsigned mismatch
     1>\\bournemouth.ac.uk\data\student\home\dec\i7671967\visual studio 2010\projects\assignments\hangmangame\hangmangame\game.cpp(168): warning C4018: '<' : signed/unsigned mismatch
     1>\\bournemouth.ac.uk\data\student\home\dec\i7671967\visual studio 2010\projects\assignments\hangmangame\hangmangame\game.cpp(270): warning C4018: '<' : signed/unsigned mismatch
     1>\\bournemouth.ac.uk\data\student\home\dec\i7671967\visual studio 2010\projects\assignments\hangmangame\hangmangame\game.cpp(324): warning C4018: '<' : signed/unsigned mismatch
     1>\\bournemouth.ac.uk\data\student\home\dec\i7671967\visual studio 2010\projects\assignments\hangmangame\hangmangame\game.cpp(331): warning C4018: '<' : signed/unsigned mismatch
     1>\\bournemouth.ac.uk\data\student\home\dec\i7671967\visual studio 2010\projects\assignments\hangmangame\hangmangame\game.cpp(339): warning C4018: '<' : signed/unsigned mismatch
     1>\\bournemouth.ac.uk\data\student\home\dec\i7671967\visual studio 2010\projects\assignments\hangmangame\hangmangame\game.cpp(351): warning C4018: '<' : signed/unsigned mismatch
     1>\\bournemouth.ac.uk\data\student\home\dec\i7671967\visual studio 2010\projects\assignments\hangmangame\hangmangame\game.cpp(363): warning C4018: '<' : signed/unsigned mismatch
     1>\\bournemouth.ac.uk\data\student\home\dec\i7671967\visual studio 2010\projects\assignments\hangmangame\hangmangame\game.cpp(372): warning C4018: '<' : signed/unsigned mismatch
       ManifestResourceCompile:
         All outputs are up-to-date.
       Link:
         C:\Program Files (x86)\Microsoft Visual Studio 10.0\VC\bin\link.exe /ERRORREPORT:PROMPT /OUT:"\\bournemouth.ac.uk\data\Student\Home\DEC\i7671967\Visual Studio 2010\Projects\ASSIGNMENTS\HangManGame\Debug\HangManGame.exe" /INCREMENTAL /NOLOGO kernel32.lib user32.lib gdi32.lib winspool.lib comdlg32.lib advapi32.lib shell32.lib ole32.lib oleaut32.lib uuid.lib odbc32.lib odbccp32.lib /MANIFEST /ManifestFile:"Debug\HangManGame.exe.intermediate.manifest" /MANIFESTUAC:"level='asInvoker' uiAccess='false'" /DEBUG /PDB:"\\bournemouth.ac.uk\data\Student\Home\DEC\i7671967\Visual Studio 2010\Projects\ASSIGNMENTS\HangManGame\Debug\HangManGame.pdb" /SUBSYSTEM:CONSOLE /TLBID:1 /DYNAMICBASE /NXCOMPAT /IMPLIB:"\\bournemouth.ac.uk\data\Student\Home\DEC\i7671967\Visual Studio 2010\Projects\ASSIGNMENTS\HangManGame\Debug\HangManGame.lib" /MACHINE:X86 Debug\HangManGame.exe.embed.manifest.res
         Debug\game.obj
         Debug\main.obj
         Debug\menu.obj
         Debug\misc.obj
         Debug\words.obj
       Manifest:
         C:\Program Files (x86)\Microsoft SDKs\Windows\v7.0A\bin\mt.exe /nologo /verbose /out:"Debug\HangManGame.exe.embed.manifest" /manifest Debug\HangManGame.exe.intermediate.manifest
         All outputs are up-to-date.
       LinkEmbedManifest:
         All outputs are up-to-date.
         HangManGame.vcxproj -> \\bournemouth.ac.uk\data\Student\Home\DEC\i7671967\Visual Studio 2010\Projects\ASSIGNMENTS\HangManGame\Debug\HangManGame.exe
       FinalizeBuildStatus:
         Deleting file "Debug\HangManGame.unsuccessfulbuild".
         Touching "Debug\HangManGame.lastbuildstate".
     1>Done Building Project "\\bournemouth.ac.uk\data\Student\Home\DEC\i7671967\Visual Studio 2010\Projects\ASSIGNMENTS\HangManGame\HangManGame\HangManGame.vcxproj" (build target(s)).

Build succeeded.

Time Elapsed 00:00:04.97
